2022-02-23 15:23:02.373 -06:00 [INF] Creating directories
2022-02-23 15:23:02.431 -06:00 [INF] Directories created successfully
2022-02-23 15:23:02.431 -06:00 [INF] Deleting history
2022-02-23 15:23:02.434 -06:00 [INF] History deleted successfully
2022-02-23 15:24:16.845 -06:00 [INF] Creating directories
2022-02-23 15:24:16.907 -06:00 [INF] Directories created successfully
2022-02-23 15:24:16.907 -06:00 [INF] Deleting history
2022-02-23 15:24:16.908 -06:00 [INF] History deleted successfully
2022-02-23 15:25:25.771 -06:00 [INF] Creating directories
2022-02-23 15:25:25.831 -06:00 [INF] Directories created successfully
2022-02-23 15:25:25.831 -06:00 [INF] Deleting history
2022-02-23 15:25:25.832 -06:00 [INF] History deleted successfully
2022-02-23 15:28:44.148 -06:00 [INF] Creating directories
2022-02-23 15:28:44.211 -06:00 [INF] Directories created successfully
2022-02-23 15:28:44.211 -06:00 [INF] Deleting history
2022-02-23 15:28:44.212 -06:00 [INF] History deleted successfully
2022-02-23 15:28:44.238 -06:00 [INF] Entrance to lobby
2022-02-23 15:41:03.293 -06:00 [INF] Creating directories
2022-02-23 15:41:03.359 -06:00 [INF] Directories created successfully
2022-02-23 15:41:03.359 -06:00 [INF] Deleting history
2022-02-23 15:41:03.359 -06:00 [INF] History deleted successfully
2022-02-23 15:41:03.373 -06:00 [INF] Entrance to lobby
